<?xml version="1.0" encoding="UTF-8"?>
<!-- Generated by org.testng.reporters.JUnitXMLReporter -->
<testsuite hostname="PAKU-BLR-01" ignored="0" name="Different TestNG  Features" tests="1012" failures="1" timestamp="04 Sep 2021 12:00:44 GMT" time="342.505" errors="0">
  <testcase name="test1" time="0.013" classname="TestNGPackage.ExceptionTimeOutTest"/>
  <testcase name="sum" time="0.003" classname="TestNGPackage.InvocationCountTest"/>
  <testcase name="sum" time="0.002" classname="TestNGPackage.InvocationCountTest"/>
  <testcase name="sum" time="0.003" classname="TestNGPackage.InvocationCountTest"/>
  <testcase name="sum" time="0.004" classname="TestNGPackage.InvocationCountTest"/>
  <testcase name="sum" time="0.002" classname="TestNGPackage.InvocationCountTest"/>
  <testcase name="sum" time="0.001" classname="TestNGPackage.InvocationCountTest"/>
  <testcase name="sum" time="0.002" classname="TestNGPackage.InvocationCountTest"/>
  <testcase name="sum" time="0.003" classname="TestNGPackage.InvocationCountTest"/>
  <testcase name="sum" time="0.002" classname="TestNGPackage.InvocationCountTest"/>
  <testcase name="sum" time="0.002" classname="TestNGPackage.InvocationCountTest"/>
  <testcase name="sum" time="0.002" classname="TestNGPackage.InvocationCountTest"/>
  <testcase name="sum" time="0.003" classname="TestNGPackage.InvocationCountTest"/>
  <testcase name="sum" time="0.002" classname="TestNGPackage.InvocationCountTest"/>
  <testcase name="sum" time="0.001" classname="TestNGPackage.InvocationCountTest"/>
  <testcase name="sum" time="0.001" classname="TestNGPackage.InvocationCountTest"/>
  <testcase name="sum" time="0.008" classname="TestNGPackage.InvocationCountTest"/>
  <testcase name="sum" time="0.003" classname="TestNGPackage.InvocationCountTest"/>
  <testcase name="sum" time="0.002" classname="TestNGPackage.InvocationCountTest"/>
  <testcase name="sum" time="0.002" classname="TestNGPackage.InvocationCountTest"/>
  <testcase name="sum" time="0.003" classname="TestNGPackage.InvocationCountTest"/>
  <testcase name="sum" time="0.003" classname="TestNGPackage.InvocationCountTest"/>
  <testcase name="sum" time="0.002" classname="TestNGPackage.InvocationCountTest"/>
  <testcase name="sum" time="0.003" classname="TestNGPackage.InvocationCountTest"/>
  <testcase name="sum" time="0.002" classname="TestNGPackage.InvocationCountTest"/>
  <testcase name="sum" time="0.002" classname="TestNGPackage.InvocationCountTest"/>
  <testcase name="sum" time="0.002" classname="TestNGPackage.InvocationCountTest"/>
  <testcase name="sum" time="0.002" classname="TestNGPackage.InvocationCountTest"/>
  <testcase name="sum" time="0.005" classname="TestNGPackage.InvocationCountTest"/>
  <testcase name="sum" time="0.001" classname="TestNGPackage.InvocationCountTest"/>
  <testcase name="sum" time="0.002" classname="TestNGPackage.InvocationCountTest"/>
  <testcase name="sum" time="0.001" classname="TestNGPackage.InvocationCountTest"/>
  <testcase name="sum" time="0.001" classname="TestNGPackage.InvocationCountTest"/>
  <testcase name="sum" time="0.001" classname="TestNGPackage.InvocationCountTest"/>
  <testcase name="sum" time="0.001" classname="TestNGPackage.InvocationCountTest"/>
  <testcase name="sum" time="0.001" classname="TestNGPackage.InvocationCountTest"/>
  <testcase name="sum" time="0.001" classname="TestNGPackage.InvocationCountTest"/>
  <testcase name="sum" time="0.001" classname="TestNGPackage.InvocationCountTest"/>
  <testcase name="sum" time="0.001" classname="TestNGPackage.InvocationCountTest"/>
  <testcase name="sum" time="0.002" classname="TestNGPackage.InvocationCountTest"/>
  <testcase name="sum" time="0.002" classname="TestNGPackage.InvocationCountTest"/>
  <testcase name="sum" time="0.002" classname="TestNGPackage.InvocationCountTest"/>
  <testcase name="sum" time="0.001" classname="TestNGPackage.InvocationCountTest"/>
  <testcase name="sum" time="0.004" classname="TestNGPackage.InvocationCountTest"/>
  <testcase name="sum" time="0.003" classname="TestNGPackage.InvocationCountTest"/>
  <testcase name="sum" time="0.001" classname="TestNGPackage.InvocationCountTest"/>
  <testcase name="sum" time="0.001" classname="TestNGPackage.InvocationCountTest"/>
  <testcase name="sum" time="0.001" classname="TestNGPackage.InvocationCountTest"/>
  <testcase name="sum" time="0.002" classname="TestNGPackage.InvocationCountTest"/>
  <testcase name="sum" time="0.001" classname="TestNGPackage.InvocationCountTest"/>
  <testcase name="sum" time="0.001" classname="TestNGPackage.InvocationCountTest"/>
  <testcase name="sum" time="0.001" classname="TestNGPackage.InvocationCountTest"/>
  <testcase name="sum" time="0.001" classname="TestNGPackage.InvocationCountTest"/>
  <testcase name="sum" time="0.001" classname="TestNGPackage.InvocationCountTest"/>
  <testcase name="sum" time="0.001" classname="TestNGPackage.InvocationCountTest"/>
  <testcase name="sum" time="0.001" classname="TestNGPackage.InvocationCountTest"/>
  <testcase name="sum" time="0.001" classname="TestNGPackage.InvocationCountTest"/>
  <testcase name="sum" time="0.002" classname="TestNGPackage.InvocationCountTest"/>
  <testcase name="sum" time="0.001" classname="TestNGPackage.InvocationCountTest"/>
  <testcase name="sum" time="0.001" classname="TestNGPackage.InvocationCountTest"/>
  <testcase name="sum" time="0.002" classname="TestNGPackage.InvocationCountTest"/>
  <testcase name="sum" time="0.003" classname="TestNGPackage.InvocationCountTest"/>
  <testcase name="sum" time="0.01" classname="TestNGPackage.InvocationCountTest"/>
  <testcase name="sum" time="0.002" classname="TestNGPackage.InvocationCountTest"/>
  <testcase name="sum" time="0.002" classname="TestNGPackage.InvocationCountTest"/>
  <testcase name="sum" time="0.001" classname="TestNGPackage.InvocationCountTest"/>
  <testcase name="sum" time="0.001" classname="TestNGPackage.InvocationCountTest"/>
  <testcase name="sum" time="0.002" classname="TestNGPackage.InvocationCountTest"/>
  <testcase name="sum" time="0.001" classname="TestNGPackage.InvocationCountTest"/>
  <testcase name="sum" time="0.001" classname="TestNGPackage.InvocationCountTest"/>
  <testcase name="sum" time="0.001" classname="TestNGPackage.InvocationCountTest"/>
  <testcase name="sum" time="0.001" classname="TestNGPackage.InvocationCountTest"/>
  <testcase name="sum" time="0.002" classname="TestNGPackage.InvocationCountTest"/>
  <testcase name="sum" time="0.001" classname="TestNGPackage.InvocationCountTest"/>
  <testcase name="sum" time="0.002" classname="TestNGPackage.InvocationCountTest"/>
  <testcase name="sum" time="0.09" classname="TestNGPackage.InvocationCountTest"/>
  <testcase name="sum" time="0.001" classname="TestNGPackage.InvocationCountTest"/>
  <testcase name="sum" time="0.002" classname="TestNGPackage.InvocationCountTest"/>
  <testcase name="sum" time="0.002" classname="TestNGPackage.InvocationCountTest"/>
  <testcase name="sum" time="0.002" classname="TestNGPackage.InvocationCountTest"/>
  <testcase name="sum" time="0.002" classname="TestNGPackage.InvocationCountTest"/>
  <testcase name="sum" time="0.007" classname="TestNGPackage.InvocationCountTest"/>
  <testcase name="sum" time="0.003" classname="TestNGPackage.InvocationCountTest"/>
  <testcase name="sum" time="0.002" classname="TestNGPackage.InvocationCountTest"/>
  <testcase name="sum" time="0.002" classname="TestNGPackage.InvocationCountTest"/>
  <testcase name="sum" time="0.002" classname="TestNGPackage.InvocationCountTest"/>
  <testcase name="sum" time="0.002" classname="TestNGPackage.InvocationCountTest"/>
  <testcase name="sum" time="0.001" classname="TestNGPackage.InvocationCountTest"/>
  <testcase name="sum" time="0.001" classname="TestNGPackage.InvocationCountTest"/>
  <testcase name="sum" time="0.001" classname="TestNGPackage.InvocationCountTest"/>
  <testcase name="sum" time="0.001" classname="TestNGPackage.InvocationCountTest"/>
  <testcase name="sum" time="0.006" classname="TestNGPackage.InvocationCountTest"/>
  <testcase name="sum" time="0.001" classname="TestNGPackage.InvocationCountTest"/>
  <testcase name="sum" time="0.009" classname="TestNGPackage.InvocationCountTest"/>
  <testcase name="sum" time="0.001" classname="TestNGPackage.InvocationCountTest"/>
  <testcase name="sum" time="0.001" classname="TestNGPackage.InvocationCountTest"/>
  <testcase name="sum" time="0.001" classname="TestNGPackage.InvocationCountTest"/>
  <testcase name="sum" time="0.003" classname="TestNGPackage.InvocationCountTest"/>
  <testcase name="sum" time="0.001" classname="TestNGPackage.InvocationCountTest"/>
  <testcase name="sum" time="0.001" classname="TestNGPackage.InvocationCountTest"/>
  <testcase name="sum" time="0.001" classname="TestNGPackage.InvocationCountTest"/>
  <testcase name="sum" time="0.002" classname="TestNGPackage.InvocationCountTest"/>
  <testcase name="sum" time="0.001" classname="TestNGPackage.InvocationCountTest"/>
  <testcase name="sum" time="0.004" classname="TestNGPackage.InvocationCountTest"/>
  <testcase name="sum" time="0.002" classname="TestNGPackage.InvocationCountTest"/>
  <testcase name="sum" time="0.001" classname="TestNGPackage.InvocationCountTest"/>
  <testcase name="sum" time="0.0" classname="TestNGPackage.InvocationCountTest"/>
  <testcase name="sum" time="0.002" classname="TestNGPackage.InvocationCountTest"/>
  <testcase name="sum" time="0.001" classname="TestNGPackage.InvocationCountTest"/>
  <testcase name="sum" time="0.002" classname="TestNGPackage.InvocationCountTest"/>
  <testcase name="sum" time="0.005" classname="TestNGPackage.InvocationCountTest"/>
  <testcase name="sum" time="0.002" classname="TestNGPackage.InvocationCountTest"/>
  <testcase name="sum" time="0.001" classname="TestNGPackage.InvocationCountTest"/>
  <testcase name="sum" time="0.003" classname="TestNGPackage.InvocationCountTest"/>
  <testcase name="sum" time="0.001" classname="TestNGPackage.InvocationCountTest"/>
  <testcase name="sum" time="0.001" classname="TestNGPackage.InvocationCountTest"/>
  <testcase name="sum" time="0.0" classname="TestNGPackage.InvocationCountTest"/>
  <testcase name="sum" time="0.001" classname="TestNGPackage.InvocationCountTest"/>
  <testcase name="sum" time="0.001" classname="TestNGPackage.InvocationCountTest"/>
  <testcase name="sum" time="0.0" classname="TestNGPackage.InvocationCountTest"/>
  <testcase name="sum" time="0.001" classname="TestNGPackage.InvocationCountTest"/>
  <testcase name="sum" time="0.001" classname="TestNGPackage.InvocationCountTest"/>
  <testcase name="sum" time="0.003" classname="TestNGPackage.InvocationCountTest"/>
  <testcase name="sum" time="0.001" classname="TestNGPackage.InvocationCountTest"/>
  <testcase name="sum" time="0.001" classname="TestNGPackage.InvocationCountTest"/>
  <testcase name="sum" time="0.001" classname="TestNGPackage.InvocationCountTest"/>
  <testcase name="sum" time="0.001" classname="TestNGPackage.InvocationCountTest"/>
  <testcase name="sum" time="0.001" classname="TestNGPackage.InvocationCountTest"/>
  <testcase name="sum" time="0.001" classname="TestNGPackage.InvocationCountTest"/>
  <testcase name="sum" time="0.001" classname="TestNGPackage.InvocationCountTest"/>
  <testcase name="sum" time="0.001" classname="TestNGPackage.InvocationCountTest"/>
  <testcase name="sum" time="0.0" classname="TestNGPackage.InvocationCountTest"/>
  <testcase name="sum" time="0.001" classname="TestNGPackage.InvocationCountTest"/>
  <testcase name="sum" time="0.001" classname="TestNGPackage.InvocationCountTest"/>
  <testcase name="sum" time="0.001" classname="TestNGPackage.InvocationCountTest"/>
  <testcase name="sum" time="0.0" classname="TestNGPackage.InvocationCountTest"/>
  <testcase name="sum" time="0.002" classname="TestNGPackage.InvocationCountTest"/>
  <testcase name="sum" time="0.01" classname="TestNGPackage.InvocationCountTest"/>
  <testcase name="sum" time="0.001" classname="TestNGPackage.InvocationCountTest"/>
  <testcase name="sum" time="0.006" classname="TestNGPackage.InvocationCountTest"/>
  <testcase name="sum" time="0.001" classname="TestNGPackage.InvocationCountTest"/>
  <testcase name="sum" time="0.001" classname="TestNGPackage.InvocationCountTest"/>
  <testcase name="sum" time="0.001" classname="TestNGPackage.InvocationCountTest"/>
  <testcase name="sum" time="0.001" classname="TestNGPackage.InvocationCountTest"/>
  <testcase name="sum" time="0.001" classname="TestNGPackage.InvocationCountTest"/>
  <testcase name="sum" time="0.001" classname="TestNGPackage.InvocationCountTest"/>
  <testcase name="sum" time="0.001" classname="TestNGPackage.InvocationCountTest"/>
  <testcase name="sum" time="0.001" classname="TestNGPackage.InvocationCountTest"/>
  <testcase name="sum" time="0.001" classname="TestNGPackage.InvocationCountTest"/>
  <testcase name="sum" time="0.001" classname="TestNGPackage.InvocationCountTest"/>
  <testcase name="sum" time="0.0" classname="TestNGPackage.InvocationCountTest"/>
  <testcase name="sum" time="0.0" classname="TestNGPackage.InvocationCountTest"/>
  <testcase name="sum" time="0.001" classname="TestNGPackage.InvocationCountTest"/>
  <testcase name="sum" time="0.001" classname="TestNGPackage.InvocationCountTest"/>
  <testcase name="sum" time="0.001" classname="TestNGPackage.InvocationCountTest"/>
  <testcase name="sum" time="0.001" classname="TestNGPackage.InvocationCountTest"/>
  <testcase name="sum" time="0.001" classname="TestNGPackage.InvocationCountTest"/>
  <testcase name="sum" time="0.001" classname="TestNGPackage.InvocationCountTest"/>
  <testcase name="sum" time="0.0" classname="TestNGPackage.InvocationCountTest"/>
  <testcase name="sum" time="0.0" classname="TestNGPackage.InvocationCountTest"/>
  <testcase name="sum" time="0.001" classname="TestNGPackage.InvocationCountTest"/>
  <testcase name="sum" time="0.001" classname="TestNGPackage.InvocationCountTest"/>
  <testcase name="sum" time="0.003" classname="TestNGPackage.InvocationCountTest"/>
  <testcase name="sum" time="0.002" classname="TestNGPackage.InvocationCountTest"/>
  <testcase name="sum" time="0.001" classname="TestNGPackage.InvocationCountTest"/>
  <testcase name="sum" time="0.001" classname="TestNGPackage.InvocationCountTest"/>
  <testcase name="sum" time="0.001" classname="TestNGPackage.InvocationCountTest"/>
  <testcase name="sum" time="0.002" classname="TestNGPackage.InvocationCountTest"/>
  <testcase name="sum" time="0.006" classname="TestNGPackage.InvocationCountTest"/>
  <testcase name="sum" time="0.0" classname="TestNGPackage.InvocationCountTest"/>
  <testcase name="sum" time="0.003" classname="TestNGPackage.InvocationCountTest"/>
  <testcase name="sum" time="0.001" classname="TestNGPackage.InvocationCountTest"/>
  <testcase name="sum" time="0.0" classname="TestNGPackage.InvocationCountTest"/>
  <testcase name="sum" time="0.004" classname="TestNGPackage.InvocationCountTest"/>
  <testcase name="sum" time="0.001" classname="TestNGPackage.InvocationCountTest"/>
  <testcase name="sum" time="0.001" classname="TestNGPackage.InvocationCountTest"/>
  <testcase name="sum" time="0.001" classname="TestNGPackage.InvocationCountTest"/>
  <testcase name="sum" time="0.001" classname="TestNGPackage.InvocationCountTest"/>
  <testcase name="sum" time="0.001" classname="TestNGPackage.InvocationCountTest"/>
  <testcase name="sum" time="0.002" classname="TestNGPackage.InvocationCountTest"/>
  <testcase name="sum" time="0.001" classname="TestNGPackage.InvocationCountTest"/>
  <testcase name="sum" time="0.001" classname="TestNGPackage.InvocationCountTest"/>
  <testcase name="sum" time="0.001" classname="TestNGPackage.InvocationCountTest"/>
  <testcase name="sum" time="0.001" classname="TestNGPackage.InvocationCountTest"/>
  <testcase name="sum" time="0.001" classname="TestNGPackage.InvocationCountTest"/>
  <testcase name="sum" time="0.001" classname="TestNGPackage.InvocationCountTest"/>
  <testcase name="sum" time="0.001" classname="TestNGPackage.InvocationCountTest"/>
  <testcase name="sum" time="0.001" classname="TestNGPackage.InvocationCountTest"/>
  <testcase name="sum" time="0.001" classname="TestNGPackage.InvocationCountTest"/>
  <testcase name="sum" time="0.014" classname="TestNGPackage.InvocationCountTest"/>
  <testcase name="sum" time="0.014" classname="TestNGPackage.InvocationCountTest"/>
  <testcase name="sum" time="0.002" classname="TestNGPackage.InvocationCountTest"/>
  <testcase name="sum" time="0.021" classname="TestNGPackage.InvocationCountTest"/>
  <testcase name="sum" time="0.001" classname="TestNGPackage.InvocationCountTest"/>
  <testcase name="sum" time="0.0" classname="TestNGPackage.InvocationCountTest"/>
  <testcase name="sum" time="0.001" classname="TestNGPackage.InvocationCountTest"/>
  <testcase name="sum" time="0.002" classname="TestNGPackage.InvocationCountTest"/>
  <testcase name="sum" time="0.001" classname="TestNGPackage.InvocationCountTest"/>
  <testcase name="sum" time="0.001" classname="TestNGPackage.InvocationCountTest"/>
  <testcase name="sum" time="0.001" classname="TestNGPackage.InvocationCountTest"/>
  <testcase name="sum" time="0.0" classname="TestNGPackage.InvocationCountTest"/>
  <testcase name="sum" time="0.001" classname="TestNGPackage.InvocationCountTest"/>
  <testcase name="sum" time="0.001" classname="TestNGPackage.InvocationCountTest"/>
  <testcase name="sum" time="0.001" classname="TestNGPackage.InvocationCountTest"/>
  <testcase name="sum" time="0.0" classname="TestNGPackage.InvocationCountTest"/>
  <testcase name="sum" time="0.001" classname="TestNGPackage.InvocationCountTest"/>
  <testcase name="sum" time="0.001" classname="TestNGPackage.InvocationCountTest"/>
  <testcase name="sum" time="0.0" classname="TestNGPackage.InvocationCountTest"/>
  <testcase name="sum" time="0.001" classname="TestNGPackage.InvocationCountTest"/>
  <testcase name="sum" time="0.002" classname="TestNGPackage.InvocationCountTest"/>
  <testcase name="sum" time="0.001" classname="TestNGPackage.InvocationCountTest"/>
  <testcase name="sum" time="0.001" classname="TestNGPackage.InvocationCountTest"/>
  <testcase name="sum" time="0.001" classname="TestNGPackage.InvocationCountTest"/>
  <testcase name="sum" time="0.001" classname="TestNGPackage.InvocationCountTest"/>
  <testcase name="sum" time="0.001" classname="TestNGPackage.InvocationCountTest"/>
  <testcase name="sum" time="0.001" classname="TestNGPackage.InvocationCountTest"/>
  <testcase name="sum" time="0.001" classname="TestNGPackage.InvocationCountTest"/>
  <testcase name="sum" time="0.0" classname="TestNGPackage.InvocationCountTest"/>
  <testcase name="sum" time="0.002" classname="TestNGPackage.InvocationCountTest"/>
  <testcase name="sum" time="0.001" classname="TestNGPackage.InvocationCountTest"/>
  <testcase name="sum" time="0.0" classname="TestNGPackage.InvocationCountTest"/>
  <testcase name="sum" time="0.001" classname="TestNGPackage.InvocationCountTest"/>
  <testcase name="sum" time="0.001" classname="TestNGPackage.InvocationCountTest"/>
  <testcase name="sum" time="0.001" classname="TestNGPackage.InvocationCountTest"/>
  <testcase name="sum" time="0.001" classname="TestNGPackage.InvocationCountTest"/>
  <testcase name="sum" time="0.001" classname="TestNGPackage.InvocationCountTest"/>
  <testcase name="sum" time="0.001" classname="TestNGPackage.InvocationCountTest"/>
  <testcase name="sum" time="0.001" classname="TestNGPackage.InvocationCountTest"/>
  <testcase name="sum" time="0.001" classname="TestNGPackage.InvocationCountTest"/>
  <testcase name="sum" time="0.0" classname="TestNGPackage.InvocationCountTest"/>
  <testcase name="sum" time="0.003" classname="TestNGPackage.InvocationCountTest"/>
  <testcase name="sum" time="0.001" classname="TestNGPackage.InvocationCountTest"/>
  <testcase name="sum" time="0.001" classname="TestNGPackage.InvocationCountTest"/>
  <testcase name="sum" time="0.001" classname="TestNGPackage.InvocationCountTest"/>
  <testcase name="sum" time="0.002" classname="TestNGPackage.InvocationCountTest"/>
  <testcase name="sum" time="0.0" classname="TestNGPackage.InvocationCountTest"/>
  <testcase name="sum" time="0.001" classname="TestNGPackage.InvocationCountTest"/>
  <testcase name="sum" time="0.0" classname="TestNGPackage.InvocationCountTest"/>
  <testcase name="sum" time="0.002" classname="TestNGPackage.InvocationCountTest"/>
  <testcase name="sum" time="0.001" classname="TestNGPackage.InvocationCountTest"/>
  <testcase name="sum" time="0.001" classname="TestNGPackage.InvocationCountTest"/>
  <testcase name="sum" time="0.001" classname="TestNGPackage.InvocationCountTest"/>
  <testcase name="sum" time="0.0" classname="TestNGPackage.InvocationCountTest"/>
  <testcase name="sum" time="0.0" classname="TestNGPackage.InvocationCountTest"/>
  <testcase name="sum" time="0.001" classname="TestNGPackage.InvocationCountTest"/>
  <testcase name="sum" time="0.001" classname="TestNGPackage.InvocationCountTest"/>
  <testcase name="sum" time="0.001" classname="TestNGPackage.InvocationCountTest"/>
  <testcase name="sum" time="0.001" classname="TestNGPackage.InvocationCountTest"/>
  <testcase name="sum" time="0.001" classname="TestNGPackage.InvocationCountTest"/>
  <testcase name="sum" time="0.002" classname="TestNGPackage.InvocationCountTest"/>
  <testcase name="sum" time="0.001" classname="TestNGPackage.InvocationCountTest"/>
  <testcase name="sum" time="0.001" classname="TestNGPackage.InvocationCountTest"/>
  <testcase name="sum" time="0.001" classname="TestNGPackage.InvocationCountTest"/>
  <testcase name="sum" time="0.008" classname="TestNGPackage.InvocationCountTest"/>
  <testcase name="sum" time="0.001" classname="TestNGPackage.InvocationCountTest"/>
  <testcase name="sum" time="0.001" classname="TestNGPackage.InvocationCountTest"/>
  <testcase name="sum" time="0.001" classname="TestNGPackage.InvocationCountTest"/>
  <testcase name="sum" time="0.001" classname="TestNGPackage.InvocationCountTest"/>
  <testcase name="sum" time="0.0" classname="TestNGPackage.InvocationCountTest"/>
  <testcase name="sum" time="0.001" classname="TestNGPackage.InvocationCountTest"/>
  <testcase name="sum" time="0.0" classname="TestNGPackage.InvocationCountTest"/>
  <testcase name="sum" time="0.001" classname="TestNGPackage.InvocationCountTest"/>
  <testcase name="sum" time="0.0" classname="TestNGPackage.InvocationCountTest"/>
  <testcase name="sum" time="0.0" classname="TestNGPackage.InvocationCountTest"/>
  <testcase name="sum" time="0.001" classname="TestNGPackage.InvocationCountTest"/>
  <testcase name="sum" time="0.006" classname="TestNGPackage.InvocationCountTest"/>
  <testcase name="sum" time="0.001" classname="TestNGPackage.InvocationCountTest"/>
  <testcase name="sum" time="0.001" classname="TestNGPackage.InvocationCountTest"/>
  <testcase name="sum" time="0.001" classname="TestNGPackage.InvocationCountTest"/>
  <testcase name="sum" time="0.0" classname="TestNGPackage.InvocationCountTest"/>
  <testcase name="sum" time="0.0" classname="TestNGPackage.InvocationCountTest"/>
  <testcase name="sum" time="0.0" classname="TestNGPackage.InvocationCountTest"/>
  <testcase name="sum" time="0.0" classname="TestNGPackage.InvocationCountTest"/>
  <testcase name="sum" time="0.001" classname="TestNGPackage.InvocationCountTest"/>
  <testcase name="sum" time="0.001" classname="TestNGPackage.InvocationCountTest"/>
  <testcase name="sum" time="0.001" classname="TestNGPackage.InvocationCountTest"/>
  <testcase name="sum" time="0.0" classname="TestNGPackage.InvocationCountTest"/>
  <testcase name="sum" time="0.0" classname="TestNGPackage.InvocationCountTest"/>
  <testcase name="sum" time="0.001" classname="TestNGPackage.InvocationCountTest"/>
  <testcase name="sum" time="0.002" classname="TestNGPackage.InvocationCountTest"/>
  <testcase name="sum" time="0.0" classname="TestNGPackage.InvocationCountTest"/>
  <testcase name="sum" time="0.001" classname="TestNGPackage.InvocationCountTest"/>
  <testcase name="sum" time="0.001" classname="TestNGPackage.InvocationCountTest"/>
  <testcase name="sum" time="0.0" classname="TestNGPackage.InvocationCountTest"/>
  <testcase name="sum" time="0.001" classname="TestNGPackage.InvocationCountTest"/>
  <testcase name="sum" time="0.004" classname="TestNGPackage.InvocationCountTest"/>
  <testcase name="sum" time="0.0" classname="TestNGPackage.InvocationCountTest"/>
  <testcase name="sum" time="0.002" classname="TestNGPackage.InvocationCountTest"/>
  <testcase name="sum" time="0.001" classname="TestNGPackage.InvocationCountTest"/>
  <testcase name="sum" time="0.001" classname="TestNGPackage.InvocationCountTest"/>
  <testcase name="sum" time="0.001" classname="TestNGPackage.InvocationCountTest"/>
  <testcase name="sum" time="0.001" classname="TestNGPackage.InvocationCountTest"/>
  <testcase name="sum" time="0.001" classname="TestNGPackage.InvocationCountTest"/>
  <testcase name="sum" time="0.001" classname="TestNGPackage.InvocationCountTest"/>
  <testcase name="sum" time="0.001" classname="TestNGPackage.InvocationCountTest"/>
  <testcase name="sum" time="0.0" classname="TestNGPackage.InvocationCountTest"/>
  <testcase name="sum" time="0.0" classname="TestNGPackage.InvocationCountTest"/>
  <testcase name="sum" time="0.0" classname="TestNGPackage.InvocationCountTest"/>
  <testcase name="sum" time="0.0" classname="TestNGPackage.InvocationCountTest"/>
  <testcase name="sum" time="0.001" classname="TestNGPackage.InvocationCountTest"/>
  <testcase name="sum" time="0.0" classname="TestNGPackage.InvocationCountTest"/>
  <testcase name="sum" time="0.001" classname="TestNGPackage.InvocationCountTest"/>
  <testcase name="sum" time="0.001" classname="TestNGPackage.InvocationCountTest"/>
  <testcase name="sum" time="0.0" classname="TestNGPackage.InvocationCountTest"/>
  <testcase name="sum" time="0.0" classname="TestNGPackage.InvocationCountTest"/>
  <testcase name="sum" time="0.001" classname="TestNGPackage.InvocationCountTest"/>
  <testcase name="sum" time="0.001" classname="TestNGPackage.InvocationCountTest"/>
  <testcase name="sum" time="0.001" classname="TestNGPackage.InvocationCountTest"/>
  <testcase name="sum" time="0.0" classname="TestNGPackage.InvocationCountTest"/>
  <testcase name="sum" time="0.0" classname="TestNGPackage.InvocationCountTest"/>
  <testcase name="sum" time="0.0" classname="TestNGPackage.InvocationCountTest"/>
  <testcase name="sum" time="0.0" classname="TestNGPackage.InvocationCountTest"/>
  <testcase name="sum" time="0.0" classname="TestNGPackage.InvocationCountTest"/>
  <testcase name="sum" time="0.001" classname="TestNGPackage.InvocationCountTest"/>
  <testcase name="sum" time="0.001" classname="TestNGPackage.InvocationCountTest"/>
  <testcase name="sum" time="0.001" classname="TestNGPackage.InvocationCountTest"/>
  <testcase name="sum" time="0.0" classname="TestNGPackage.InvocationCountTest"/>
  <testcase name="sum" time="0.001" classname="TestNGPackage.InvocationCountTest"/>
  <testcase name="sum" time="0.001" classname="TestNGPackage.InvocationCountTest"/>
  <testcase name="sum" time="0.0" classname="TestNGPackage.InvocationCountTest"/>
  <testcase name="sum" time="0.0" classname="TestNGPackage.InvocationCountTest"/>
  <testcase name="sum" time="0.0" classname="TestNGPackage.InvocationCountTest"/>
  <testcase name="sum" time="0.0" classname="TestNGPackage.InvocationCountTest"/>
  <testcase name="sum" time="0.0" classname="TestNGPackage.InvocationCountTest"/>
  <testcase name="sum" time="0.001" classname="TestNGPackage.InvocationCountTest"/>
  <testcase name="sum" time="0.001" classname="TestNGPackage.InvocationCountTest"/>
  <testcase name="sum" time="0.001" classname="TestNGPackage.InvocationCountTest"/>
  <testcase name="sum" time="0.001" classname="TestNGPackage.InvocationCountTest"/>
  <testcase name="sum" time="0.001" classname="TestNGPackage.InvocationCountTest"/>
  <testcase name="sum" time="0.001" classname="TestNGPackage.InvocationCountTest"/>
  <testcase name="sum" time="0.0" classname="TestNGPackage.InvocationCountTest"/>
  <testcase name="sum" time="0.0" classname="TestNGPackage.InvocationCountTest"/>
  <testcase name="sum" time="0.001" classname="TestNGPackage.InvocationCountTest"/>
  <testcase name="sum" time="0.001" classname="TestNGPackage.InvocationCountTest"/>
  <testcase name="sum" time="0.001" classname="TestNGPackage.InvocationCountTest"/>
  <testcase name="sum" time="0.003" classname="TestNGPackage.InvocationCountTest"/>
  <testcase name="sum" time="0.01" classname="TestNGPackage.InvocationCountTest"/>
  <testcase name="sum" time="0.001" classname="TestNGPackage.InvocationCountTest"/>
  <testcase name="sum" time="0.0" classname="TestNGPackage.InvocationCountTest"/>
  <testcase name="sum" time="0.0" classname="TestNGPackage.InvocationCountTest"/>
  <testcase name="sum" time="0.001" classname="TestNGPackage.InvocationCountTest"/>
  <testcase name="sum" time="0.002" classname="TestNGPackage.InvocationCountTest"/>
  <testcase name="sum" time="0.001" classname="TestNGPackage.InvocationCountTest"/>
  <testcase name="sum" time="0.001" classname="TestNGPackage.InvocationCountTest"/>
  <testcase name="sum" time="0.001" classname="TestNGPackage.InvocationCountTest"/>
  <testcase name="sum" time="0.0" classname="TestNGPackage.InvocationCountTest"/>
  <testcase name="sum" time="0.0" classname="TestNGPackage.InvocationCountTest"/>
  <testcase name="sum" time="0.0" classname="TestNGPackage.InvocationCountTest"/>
  <testcase name="sum" time="0.001" classname="TestNGPackage.InvocationCountTest"/>
  <testcase name="sum" time="0.001" classname="TestNGPackage.InvocationCountTest"/>
  <testcase name="sum" time="0.001" classname="TestNGPackage.InvocationCountTest"/>
  <testcase name="sum" time="0.001" classname="TestNGPackage.InvocationCountTest"/>
  <testcase name="sum" time="0.001" classname="TestNGPackage.InvocationCountTest"/>
  <testcase name="sum" time="0.001" classname="TestNGPackage.InvocationCountTest"/>
  <testcase name="sum" time="0.001" classname="TestNGPackage.InvocationCountTest"/>
  <testcase name="sum" time="0.0" classname="TestNGPackage.InvocationCountTest"/>
  <testcase name="sum" time="0.001" classname="TestNGPackage.InvocationCountTest"/>
  <testcase name="sum" time="0.001" classname="TestNGPackage.InvocationCountTest"/>
  <testcase name="sum" time="0.0" classname="TestNGPackage.InvocationCountTest"/>
  <testcase name="sum" time="0.0" classname="TestNGPackage.InvocationCountTest"/>
  <testcase name="sum" time="0.001" classname="TestNGPackage.InvocationCountTest"/>
  <testcase name="sum" time="0.001" classname="TestNGPackage.InvocationCountTest"/>
  <testcase name="sum" time="0.0" classname="TestNGPackage.InvocationCountTest"/>
  <testcase name="sum" time="0.0" classname="TestNGPackage.InvocationCountTest"/>
  <testcase name="sum" time="0.0" classname="TestNGPackage.InvocationCountTest"/>
  <testcase name="sum" time="0.001" classname="TestNGPackage.InvocationCountTest"/>
  <testcase name="sum" time="0.001" classname="TestNGPackage.InvocationCountTest"/>
  <testcase name="sum" time="0.0" classname="TestNGPackage.InvocationCountTest"/>
  <testcase name="sum" time="0.001" classname="TestNGPackage.InvocationCountTest"/>
  <testcase name="sum" time="0.0" classname="TestNGPackage.InvocationCountTest"/>
  <testcase name="sum" time="0.0" classname="TestNGPackage.InvocationCountTest"/>
  <testcase name="sum" time="0.001" classname="TestNGPackage.InvocationCountTest"/>
  <testcase name="sum" time="0.0" classname="TestNGPackage.InvocationCountTest"/>
  <testcase name="sum" time="0.001" classname="TestNGPackage.InvocationCountTest"/>
  <testcase name="sum" time="0.0" classname="TestNGPackage.InvocationCountTest"/>
  <testcase name="sum" time="0.0" classname="TestNGPackage.InvocationCountTest"/>
  <testcase name="sum" time="0.001" classname="TestNGPackage.InvocationCountTest"/>
  <testcase name="sum" time="0.0" classname="TestNGPackage.InvocationCountTest"/>
  <testcase name="sum" time="0.0" classname="TestNGPackage.InvocationCountTest"/>
  <testcase name="sum" time="0.0" classname="TestNGPackage.InvocationCountTest"/>
  <testcase name="sum" time="0.001" classname="TestNGPackage.InvocationCountTest"/>
  <testcase name="sum" time="0.004" classname="TestNGPackage.InvocationCountTest"/>
  <testcase name="sum" time="0.0" classname="TestNGPackage.InvocationCountTest"/>
  <testcase name="sum" time="0.001" classname="TestNGPackage.InvocationCountTest"/>
  <testcase name="sum" time="0.005" classname="TestNGPackage.InvocationCountTest"/>
  <testcase name="sum" time="0.001" classname="TestNGPackage.InvocationCountTest"/>
  <testcase name="sum" time="0.001" classname="TestNGPackage.InvocationCountTest"/>
  <testcase name="sum" time="0.0" classname="TestNGPackage.InvocationCountTest"/>
  <testcase name="sum" time="0.0" classname="TestNGPackage.InvocationCountTest"/>
  <testcase name="sum" time="0.001" classname="TestNGPackage.InvocationCountTest"/>
  <testcase name="sum" time="0.003" classname="TestNGPackage.InvocationCountTest"/>
  <testcase name="sum" time="0.001" classname="TestNGPackage.InvocationCountTest"/>
  <testcase name="sum" time="0.017" classname="TestNGPackage.InvocationCountTest"/>
  <testcase name="sum" time="0.0" classname="TestNGPackage.InvocationCountTest"/>
  <testcase name="sum" time="0.001" classname="TestNGPackage.InvocationCountTest"/>
  <testcase name="sum" time="0.001" classname="TestNGPackage.InvocationCountTest"/>
  <testcase name="sum" time="0.0" classname="TestNGPackage.InvocationCountTest"/>
  <testcase name="sum" time="0.001" classname="TestNGPackage.InvocationCountTest"/>
  <testcase name="sum" time="0.001" classname="TestNGPackage.InvocationCountTest"/>
  <testcase name="sum" time="0.0" classname="TestNGPackage.InvocationCountTest"/>
  <testcase name="sum" time="0.002" classname="TestNGPackage.InvocationCountTest"/>
  <testcase name="sum" time="0.0" classname="TestNGPackage.InvocationCountTest"/>
  <testcase name="sum" time="0.0" classname="TestNGPackage.InvocationCountTest"/>
  <testcase name="sum" time="0.0" classname="TestNGPackage.InvocationCountTest"/>
  <testcase name="sum" time="0.001" classname="TestNGPackage.InvocationCountTest"/>
  <testcase name="sum" time="0.0" classname="TestNGPackage.InvocationCountTest"/>
  <testcase name="sum" time="0.0" classname="TestNGPackage.InvocationCountTest"/>
  <testcase name="sum" time="0.0" classname="TestNGPackage.InvocationCountTest"/>
  <testcase name="sum" time="0.001" classname="TestNGPackage.InvocationCountTest"/>
  <testcase name="sum" time="0.0" classname="TestNGPackage.InvocationCountTest"/>
  <testcase name="sum" time="0.001" classname="TestNGPackage.InvocationCountTest"/>
  <testcase name="sum" time="0.0" classname="TestNGPackage.InvocationCountTest"/>
  <testcase name="sum" time="0.001" classname="TestNGPackage.InvocationCountTest"/>
  <testcase name="sum" time="0.001" classname="TestNGPackage.InvocationCountTest"/>
  <testcase name="sum" time="0.001" classname="TestNGPackage.InvocationCountTest"/>
  <testcase name="sum" time="0.001" classname="TestNGPackage.InvocationCountTest"/>
  <testcase name="sum" time="0.0" classname="TestNGPackage.InvocationCountTest"/>
  <testcase name="sum" time="0.0" classname="TestNGPackage.InvocationCountTest"/>
  <testcase name="sum" time="0.001" classname="TestNGPackage.InvocationCountTest"/>
  <testcase name="sum" time="0.0" classname="TestNGPackage.InvocationCountTest"/>
  <testcase name="sum" time="0.0" classname="TestNGPackage.InvocationCountTest"/>
  <testcase name="sum" time="0.0" classname="TestNGPackage.InvocationCountTest"/>
  <testcase name="sum" time="0.0" classname="TestNGPackage.InvocationCountTest"/>
  <testcase name="sum" time="0.0" classname="TestNGPackage.InvocationCountTest"/>
  <testcase name="sum" time="0.0" classname="TestNGPackage.InvocationCountTest"/>
  <testcase name="sum" time="0.0" classname="TestNGPackage.InvocationCountTest"/>
  <testcase name="sum" time="0.001" classname="TestNGPackage.InvocationCountTest"/>
  <testcase name="sum" time="0.0" classname="TestNGPackage.InvocationCountTest"/>
  <testcase name="sum" time="0.0" classname="TestNGPackage.InvocationCountTest"/>
  <testcase name="sum" time="0.001" classname="TestNGPackage.InvocationCountTest"/>
  <testcase name="sum" time="0.0" classname="TestNGPackage.InvocationCountTest"/>
  <testcase name="sum" time="0.0" classname="TestNGPackage.InvocationCountTest"/>
  <testcase name="sum" time="0.001" classname="TestNGPackage.InvocationCountTest"/>
  <testcase name="sum" time="0.0" classname="TestNGPackage.InvocationCountTest"/>
  <testcase name="sum" time="0.0" classname="TestNGPackage.InvocationCountTest"/>
  <testcase name="sum" time="0.0" classname="TestNGPackage.InvocationCountTest"/>
  <testcase name="sum" time="0.001" classname="TestNGPackage.InvocationCountTest"/>
  <testcase name="sum" time="0.0" classname="TestNGPackage.InvocationCountTest"/>
  <testcase name="sum" time="0.0" classname="TestNGPackage.InvocationCountTest"/>
  <testcase name="sum" time="0.001" classname="TestNGPackage.InvocationCountTest"/>
  <testcase name="sum" time="0.0" classname="TestNGPackage.InvocationCountTest"/>
  <testcase name="sum" time="0.0" classname="TestNGPackage.InvocationCountTest"/>
  <testcase name="sum" time="0.0" classname="TestNGPackage.InvocationCountTest"/>
  <testcase name="sum" time="0.001" classname="TestNGPackage.InvocationCountTest"/>
  <testcase name="sum" time="0.001" classname="TestNGPackage.InvocationCountTest"/>
  <testcase name="sum" time="0.0" classname="TestNGPackage.InvocationCountTest"/>
  <testcase name="sum" time="0.0" classname="TestNGPackage.InvocationCountTest"/>
  <testcase name="sum" time="0.001" classname="TestNGPackage.InvocationCountTest"/>
  <testcase name="sum" time="0.0" classname="TestNGPackage.InvocationCountTest"/>
  <testcase name="sum" time="0.0" classname="TestNGPackage.InvocationCountTest"/>
  <testcase name="sum" time="0.001" classname="TestNGPackage.InvocationCountTest"/>
  <testcase name="sum" time="0.0" classname="TestNGPackage.InvocationCountTest"/>
  <testcase name="sum" time="0.0" classname="TestNGPackage.InvocationCountTest"/>
  <testcase name="sum" time="0.001" classname="TestNGPackage.InvocationCountTest"/>
  <testcase name="sum" time="0.001" classname="TestNGPackage.InvocationCountTest"/>
  <testcase name="sum" time="0.001" classname="TestNGPackage.InvocationCountTest"/>
  <testcase name="sum" time="0.001" classname="TestNGPackage.InvocationCountTest"/>
  <testcase name="sum" time="0.001" classname="TestNGPackage.InvocationCountTest"/>
  <testcase name="sum" time="0.001" classname="TestNGPackage.InvocationCountTest"/>
  <testcase name="sum" time="0.001" classname="TestNGPackage.InvocationCountTest"/>
  <testcase name="sum" time="0.003" classname="TestNGPackage.InvocationCountTest"/>
  <testcase name="sum" time="0.001" classname="TestNGPackage.InvocationCountTest"/>
  <testcase name="sum" time="0.001" classname="TestNGPackage.InvocationCountTest"/>
  <testcase name="sum" time="0.001" classname="TestNGPackage.InvocationCountTest"/>
  <testcase name="sum" time="0.001" classname="TestNGPackage.InvocationCountTest"/>
  <testcase name="sum" time="0.001" classname="TestNGPackage.InvocationCountTest"/>
  <testcase name="sum" time="0.0" classname="TestNGPackage.InvocationCountTest"/>
  <testcase name="sum" time="0.002" classname="TestNGPackage.InvocationCountTest"/>
  <testcase name="sum" time="0.0" classname="TestNGPackage.InvocationCountTest"/>
  <testcase name="sum" time="0.017" classname="TestNGPackage.InvocationCountTest"/>
  <testcase name="sum" time="0.001" classname="TestNGPackage.InvocationCountTest"/>
  <testcase name="sum" time="0.001" classname="TestNGPackage.InvocationCountTest"/>
  <testcase name="sum" time="0.0" classname="TestNGPackage.InvocationCountTest"/>
  <testcase name="sum" time="0.001" classname="TestNGPackage.InvocationCountTest"/>
  <testcase name="sum" time="0.0" classname="TestNGPackage.InvocationCountTest"/>
  <testcase name="sum" time="0.001" classname="TestNGPackage.InvocationCountTest"/>
  <testcase name="sum" time="0.001" classname="TestNGPackage.InvocationCountTest"/>
  <testcase name="sum" time="0.001" classname="TestNGPackage.InvocationCountTest"/>
  <testcase name="sum" time="0.001" classname="TestNGPackage.InvocationCountTest"/>
  <testcase name="sum" time="0.002" classname="TestNGPackage.InvocationCountTest"/>
  <testcase name="sum" time="0.001" classname="TestNGPackage.InvocationCountTest"/>
  <testcase name="sum" time="0.002" classname="TestNGPackage.InvocationCountTest"/>
  <testcase name="sum" time="0.001" classname="TestNGPackage.InvocationCountTest"/>
  <testcase name="sum" time="0.001" classname="TestNGPackage.InvocationCountTest"/>
  <testcase name="sum" time="0.002" classname="TestNGPackage.InvocationCountTest"/>
  <testcase name="sum" time="0.001" classname="TestNGPackage.InvocationCountTest"/>
  <testcase name="sum" time="0.001" classname="TestNGPackage.InvocationCountTest"/>
  <testcase name="sum" time="0.0" classname="TestNGPackage.InvocationCountTest"/>
  <testcase name="sum" time="0.001" classname="TestNGPackage.InvocationCountTest"/>
  <testcase name="sum" time="0.001" classname="TestNGPackage.InvocationCountTest"/>
  <testcase name="sum" time="0.001" classname="TestNGPackage.InvocationCountTest"/>
  <testcase name="sum" time="0.001" classname="TestNGPackage.InvocationCountTest"/>
  <testcase name="sum" time="0.001" classname="TestNGPackage.InvocationCountTest"/>
  <testcase name="sum" time="0.0" classname="TestNGPackage.InvocationCountTest"/>
  <testcase name="sum" time="0.0" classname="TestNGPackage.InvocationCountTest"/>
  <testcase name="sum" time="0.0" classname="TestNGPackage.InvocationCountTest"/>
  <testcase name="sum" time="0.001" classname="TestNGPackage.InvocationCountTest"/>
  <testcase name="sum" time="0.001" classname="TestNGPackage.InvocationCountTest"/>
  <testcase name="sum" time="0.001" classname="TestNGPackage.InvocationCountTest"/>
  <testcase name="sum" time="0.001" classname="TestNGPackage.InvocationCountTest"/>
  <testcase name="sum" time="0.001" classname="TestNGPackage.InvocationCountTest"/>
  <testcase name="sum" time="0.001" classname="TestNGPackage.InvocationCountTest"/>
  <testcase name="sum" time="0.001" classname="TestNGPackage.InvocationCountTest"/>
  <testcase name="sum" time="0.001" classname="TestNGPackage.InvocationCountTest"/>
  <testcase name="sum" time="0.001" classname="TestNGPackage.InvocationCountTest"/>
  <testcase name="sum" time="0.001" classname="TestNGPackage.InvocationCountTest"/>
  <testcase name="sum" time="0.001" classname="TestNGPackage.InvocationCountTest"/>
  <testcase name="sum" time="0.0" classname="TestNGPackage.InvocationCountTest"/>
  <testcase name="sum" time="0.001" classname="TestNGPackage.InvocationCountTest"/>
  <testcase name="sum" time="0.0" classname="TestNGPackage.InvocationCountTest"/>
  <testcase name="sum" time="0.001" classname="TestNGPackage.InvocationCountTest"/>
  <testcase name="sum" time="0.003" classname="TestNGPackage.InvocationCountTest"/>
  <testcase name="sum" time="0.002" classname="TestNGPackage.InvocationCountTest"/>
  <testcase name="sum" time="0.001" classname="TestNGPackage.InvocationCountTest"/>
  <testcase name="sum" time="0.001" classname="TestNGPackage.InvocationCountTest"/>
  <testcase name="sum" time="0.0" classname="TestNGPackage.InvocationCountTest"/>
  <testcase name="sum" time="0.0" classname="TestNGPackage.InvocationCountTest"/>
  <testcase name="sum" time="0.0" classname="TestNGPackage.InvocationCountTest"/>
  <testcase name="sum" time="0.001" classname="TestNGPackage.InvocationCountTest"/>
  <testcase name="sum" time="0.001" classname="TestNGPackage.InvocationCountTest"/>
  <testcase name="sum" time="0.0" classname="TestNGPackage.InvocationCountTest"/>
  <testcase name="sum" time="0.0" classname="TestNGPackage.InvocationCountTest"/>
  <testcase name="sum" time="0.001" classname="TestNGPackage.InvocationCountTest"/>
  <testcase name="sum" time="0.001" classname="TestNGPackage.InvocationCountTest"/>
  <testcase name="sum" time="0.001" classname="TestNGPackage.InvocationCountTest"/>
  <testcase name="sum" time="0.0" classname="TestNGPackage.InvocationCountTest"/>
  <testcase name="sum" time="0.0" classname="TestNGPackage.InvocationCountTest"/>
  <testcase name="sum" time="0.001" classname="TestNGPackage.InvocationCountTest"/>
  <testcase name="sum" time="0.001" classname="TestNGPackage.InvocationCountTest"/>
  <testcase name="sum" time="0.001" classname="TestNGPackage.InvocationCountTest"/>
  <testcase name="sum" time="0.001" classname="TestNGPackage.InvocationCountTest"/>
  <testcase name="sum" time="0.001" classname="TestNGPackage.InvocationCountTest"/>
  <testcase name="sum" time="0.002" classname="TestNGPackage.InvocationCountTest"/>
  <testcase name="sum" time="0.001" classname="TestNGPackage.InvocationCountTest"/>
  <testcase name="sum" time="0.001" classname="TestNGPackage.InvocationCountTest"/>
  <testcase name="sum" time="0.0" classname="TestNGPackage.InvocationCountTest"/>
  <testcase name="sum" time="0.0" classname="TestNGPackage.InvocationCountTest"/>
  <testcase name="sum" time="0.0" classname="TestNGPackage.InvocationCountTest"/>
  <testcase name="sum" time="0.0" classname="TestNGPackage.InvocationCountTest"/>
  <testcase name="sum" time="0.001" classname="TestNGPackage.InvocationCountTest"/>
  <testcase name="sum" time="0.001" classname="TestNGPackage.InvocationCountTest"/>
  <testcase name="sum" time="0.0" classname="TestNGPackage.InvocationCountTest"/>
  <testcase name="sum" time="0.0" classname="TestNGPackage.InvocationCountTest"/>
  <testcase name="sum" time="0.001" classname="TestNGPackage.InvocationCountTest"/>
  <testcase name="sum" time="0.001" classname="TestNGPackage.InvocationCountTest"/>
  <testcase name="sum" time="0.0" classname="TestNGPackage.InvocationCountTest"/>
  <testcase name="sum" time="0.0" classname="TestNGPackage.InvocationCountTest"/>
  <testcase name="sum" time="0.0" classname="TestNGPackage.InvocationCountTest"/>
  <testcase name="sum" time="0.001" classname="TestNGPackage.InvocationCountTest"/>
  <testcase name="sum" time="0.001" classname="TestNGPackage.InvocationCountTest"/>
  <testcase name="sum" time="0.0" classname="TestNGPackage.InvocationCountTest"/>
  <testcase name="sum" time="0.0" classname="TestNGPackage.InvocationCountTest"/>
  <testcase name="sum" time="0.0" classname="TestNGPackage.InvocationCountTest"/>
  <testcase name="sum" time="0.0" classname="TestNGPackage.InvocationCountTest"/>
  <testcase name="sum" time="0.0" classname="TestNGPackage.InvocationCountTest"/>
  <testcase name="sum" time="0.0" classname="TestNGPackage.InvocationCountTest"/>
  <testcase name="sum" time="0.0" classname="TestNGPackage.InvocationCountTest"/>
  <testcase name="sum" time="0.0" classname="TestNGPackage.InvocationCountTest"/>
  <testcase name="sum" time="0.001" classname="TestNGPackage.InvocationCountTest"/>
  <testcase name="sum" time="0.001" classname="TestNGPackage.InvocationCountTest"/>
  <testcase name="sum" time="0.001" classname="TestNGPackage.InvocationCountTest"/>
  <testcase name="sum" time="0.001" classname="TestNGPackage.InvocationCountTest"/>
  <testcase name="sum" time="0.0" classname="TestNGPackage.InvocationCountTest"/>
  <testcase name="sum" time="0.0" classname="TestNGPackage.InvocationCountTest"/>
  <testcase name="sum" time="0.0" classname="TestNGPackage.InvocationCountTest"/>
  <testcase name="sum" time="0.001" classname="TestNGPackage.InvocationCountTest"/>
  <testcase name="sum" time="0.001" classname="TestNGPackage.InvocationCountTest"/>
  <testcase name="sum" time="0.001" classname="TestNGPackage.InvocationCountTest"/>
  <testcase name="sum" time="0.0" classname="TestNGPackage.InvocationCountTest"/>
  <testcase name="sum" time="0.001" classname="TestNGPackage.InvocationCountTest"/>
  <testcase name="sum" time="0.001" classname="TestNGPackage.InvocationCountTest"/>
  <testcase name="sum" time="0.001" classname="TestNGPackage.InvocationCountTest"/>
  <testcase name="sum" time="0.0" classname="TestNGPackage.InvocationCountTest"/>
  <testcase name="sum" time="0.001" classname="TestNGPackage.InvocationCountTest"/>
  <testcase name="sum" time="0.001" classname="TestNGPackage.InvocationCountTest"/>
  <testcase name="sum" time="0.001" classname="TestNGPackage.InvocationCountTest"/>
  <testcase name="sum" time="0.001" classname="TestNGPackage.InvocationCountTest"/>
  <testcase name="sum" time="0.001" classname="TestNGPackage.InvocationCountTest"/>
  <testcase name="sum" time="0.001" classname="TestNGPackage.InvocationCountTest"/>
  <testcase name="sum" time="0.001" classname="TestNGPackage.InvocationCountTest"/>
  <testcase name="sum" time="0.001" classname="TestNGPackage.InvocationCountTest"/>
  <testcase name="sum" time="0.0" classname="TestNGPackage.InvocationCountTest"/>
  <testcase name="sum" time="0.001" classname="TestNGPackage.InvocationCountTest"/>
  <testcase name="sum" time="0.001" classname="TestNGPackage.InvocationCountTest"/>
  <testcase name="sum" time="0.001" classname="TestNGPackage.InvocationCountTest"/>
  <testcase name="sum" time="0.001" classname="TestNGPackage.InvocationCountTest"/>
  <testcase name="sum" time="0.001" classname="TestNGPackage.InvocationCountTest"/>
  <testcase name="sum" time="0.001" classname="TestNGPackage.InvocationCountTest"/>
  <testcase name="sum" time="0.0" classname="TestNGPackage.InvocationCountTest"/>
  <testcase name="sum" time="0.001" classname="TestNGPackage.InvocationCountTest"/>
  <testcase name="sum" time="0.001" classname="TestNGPackage.InvocationCountTest"/>
  <testcase name="sum" time="0.001" classname="TestNGPackage.InvocationCountTest"/>
  <testcase name="sum" time="0.001" classname="TestNGPackage.InvocationCountTest"/>
  <testcase name="sum" time="0.001" classname="TestNGPackage.InvocationCountTest"/>
  <testcase name="sum" time="0.0" classname="TestNGPackage.InvocationCountTest"/>
  <testcase name="sum" time="0.001" classname="TestNGPackage.InvocationCountTest"/>
  <testcase name="sum" time="0.0" classname="TestNGPackage.InvocationCountTest"/>
  <testcase name="sum" time="0.001" classname="TestNGPackage.InvocationCountTest"/>
  <testcase name="sum" time="0.0" classname="TestNGPackage.InvocationCountTest"/>
  <testcase name="sum" time="0.001" classname="TestNGPackage.InvocationCountTest"/>
  <testcase name="sum" time="0.001" classname="TestNGPackage.InvocationCountTest"/>
  <testcase name="sum" time="0.0" classname="TestNGPackage.InvocationCountTest"/>
  <testcase name="sum" time="0.0" classname="TestNGPackage.InvocationCountTest"/>
  <testcase name="sum" time="0.0" classname="TestNGPackage.InvocationCountTest"/>
  <testcase name="sum" time="0.0" classname="TestNGPackage.InvocationCountTest"/>
  <testcase name="sum" time="0.001" classname="TestNGPackage.InvocationCountTest"/>
  <testcase name="sum" time="0.0" classname="TestNGPackage.InvocationCountTest"/>
  <testcase name="sum" time="0.0" classname="TestNGPackage.InvocationCountTest"/>
  <testcase name="sum" time="0.0" classname="TestNGPackage.InvocationCountTest"/>
  <testcase name="sum" time="0.0" classname="TestNGPackage.InvocationCountTest"/>
  <testcase name="sum" time="0.001" classname="TestNGPackage.InvocationCountTest"/>
  <testcase name="sum" time="0.0" classname="TestNGPackage.InvocationCountTest"/>
  <testcase name="sum" time="0.0" classname="TestNGPackage.InvocationCountTest"/>
  <testcase name="sum" time="0.001" classname="TestNGPackage.InvocationCountTest"/>
  <testcase name="sum" time="0.0" classname="TestNGPackage.InvocationCountTest"/>
  <testcase name="sum" time="0.001" classname="TestNGPackage.InvocationCountTest"/>
  <testcase name="sum" time="0.0" classname="TestNGPackage.InvocationCountTest"/>
  <testcase name="sum" time="0.0" classname="TestNGPackage.InvocationCountTest"/>
  <testcase name="sum" time="0.0" classname="TestNGPackage.InvocationCountTest"/>
  <testcase name="sum" time="0.0" classname="TestNGPackage.InvocationCountTest"/>
  <testcase name="sum" time="0.054" classname="TestNGPackage.InvocationCountTest"/>
  <testcase name="sum" time="0.002" classname="TestNGPackage.InvocationCountTest"/>
  <testcase name="sum" time="0.0" classname="TestNGPackage.InvocationCountTest"/>
  <testcase name="sum" time="0.0" classname="TestNGPackage.InvocationCountTest"/>
  <testcase name="sum" time="0.0" classname="TestNGPackage.InvocationCountTest"/>
  <testcase name="sum" time="0.0" classname="TestNGPackage.InvocationCountTest"/>
  <testcase name="sum" time="0.001" classname="TestNGPackage.InvocationCountTest"/>
  <testcase name="sum" time="0.001" classname="TestNGPackage.InvocationCountTest"/>
  <testcase name="sum" time="0.001" classname="TestNGPackage.InvocationCountTest"/>
  <testcase name="sum" time="0.001" classname="TestNGPackage.InvocationCountTest"/>
  <testcase name="sum" time="0.0" classname="TestNGPackage.InvocationCountTest"/>
  <testcase name="sum" time="0.0" classname="TestNGPackage.InvocationCountTest"/>
  <testcase name="sum" time="0.001" classname="TestNGPackage.InvocationCountTest"/>
  <testcase name="sum" time="0.001" classname="TestNGPackage.InvocationCountTest"/>
  <testcase name="sum" time="0.001" classname="TestNGPackage.InvocationCountTest"/>
  <testcase name="sum" time="0.001" classname="TestNGPackage.InvocationCountTest"/>
  <testcase name="sum" time="0.0" classname="TestNGPackage.InvocationCountTest"/>
  <testcase name="sum" time="0.001" classname="TestNGPackage.InvocationCountTest"/>
  <testcase name="sum" time="0.007" classname="TestNGPackage.InvocationCountTest"/>
  <testcase name="sum" time="0.0" classname="TestNGPackage.InvocationCountTest"/>
  <testcase name="sum" time="0.0" classname="TestNGPackage.InvocationCountTest"/>
  <testcase name="sum" time="0.001" classname="TestNGPackage.InvocationCountTest"/>
  <testcase name="sum" time="0.002" classname="TestNGPackage.InvocationCountTest"/>
  <testcase name="sum" time="0.0" classname="TestNGPackage.InvocationCountTest"/>
  <testcase name="sum" time="0.0" classname="TestNGPackage.InvocationCountTest"/>
  <testcase name="sum" time="0.0" classname="TestNGPackage.InvocationCountTest"/>
  <testcase name="sum" time="0.001" classname="TestNGPackage.InvocationCountTest"/>
  <testcase name="sum" time="0.0" classname="TestNGPackage.InvocationCountTest"/>
  <testcase name="sum" time="0.0" classname="TestNGPackage.InvocationCountTest"/>
  <testcase name="sum" time="0.0" classname="TestNGPackage.InvocationCountTest"/>
  <testcase name="sum" time="0.001" classname="TestNGPackage.InvocationCountTest"/>
  <testcase name="sum" time="0.0" classname="TestNGPackage.InvocationCountTest"/>
  <testcase name="sum" time="0.0" classname="TestNGPackage.InvocationCountTest"/>
  <testcase name="sum" time="0.0" classname="TestNGPackage.InvocationCountTest"/>
  <testcase name="sum" time="0.0" classname="TestNGPackage.InvocationCountTest"/>
  <testcase name="sum" time="0.0" classname="TestNGPackage.InvocationCountTest"/>
  <testcase name="sum" time="0.001" classname="TestNGPackage.InvocationCountTest"/>
  <testcase name="sum" time="0.0" classname="TestNGPackage.InvocationCountTest"/>
  <testcase name="sum" time="0.0" classname="TestNGPackage.InvocationCountTest"/>
  <testcase name="sum" time="0.0" classname="TestNGPackage.InvocationCountTest"/>
  <testcase name="sum" time="0.001" classname="TestNGPackage.InvocationCountTest"/>
  <testcase name="sum" time="0.0" classname="TestNGPackage.InvocationCountTest"/>
  <testcase name="sum" time="0.0" classname="TestNGPackage.InvocationCountTest"/>
  <testcase name="sum" time="0.0" classname="TestNGPackage.InvocationCountTest"/>
  <testcase name="sum" time="0.001" classname="TestNGPackage.InvocationCountTest"/>
  <testcase name="sum" time="0.0" classname="TestNGPackage.InvocationCountTest"/>
  <testcase name="sum" time="0.001" classname="TestNGPackage.InvocationCountTest"/>
  <testcase name="sum" time="0.0" classname="TestNGPackage.InvocationCountTest"/>
  <testcase name="sum" time="0.0" classname="TestNGPackage.InvocationCountTest"/>
  <testcase name="sum" time="0.0" classname="TestNGPackage.InvocationCountTest"/>
  <testcase name="sum" time="0.001" classname="TestNGPackage.InvocationCountTest"/>
  <testcase name="sum" time="0.0" classname="TestNGPackage.InvocationCountTest"/>
  <testcase name="sum" time="0.001" classname="TestNGPackage.InvocationCountTest"/>
  <testcase name="sum" time="0.001" classname="TestNGPackage.InvocationCountTest"/>
  <testcase name="sum" time="0.0" classname="TestNGPackage.InvocationCountTest"/>
  <testcase name="sum" time="0.0" classname="TestNGPackage.InvocationCountTest"/>
  <testcase name="sum" time="0.001" classname="TestNGPackage.InvocationCountTest"/>
  <testcase name="sum" time="0.0" classname="TestNGPackage.InvocationCountTest"/>
  <testcase name="sum" time="0.001" classname="TestNGPackage.InvocationCountTest"/>
  <testcase name="sum" time="0.0" classname="TestNGPackage.InvocationCountTest"/>
  <testcase name="sum" time="0.0" classname="TestNGPackage.InvocationCountTest"/>
  <testcase name="sum" time="0.0" classname="TestNGPackage.InvocationCountTest"/>
  <testcase name="sum" time="0.0" classname="TestNGPackage.InvocationCountTest"/>
  <testcase name="sum" time="0.0" classname="TestNGPackage.InvocationCountTest"/>
  <testcase name="sum" time="0.0" classname="TestNGPackage.InvocationCountTest"/>
  <testcase name="sum" time="0.001" classname="TestNGPackage.InvocationCountTest"/>
  <testcase name="sum" time="0.0" classname="TestNGPackage.InvocationCountTest"/>
  <testcase name="sum" time="0.0" classname="TestNGPackage.InvocationCountTest"/>
  <testcase name="sum" time="0.0" classname="TestNGPackage.InvocationCountTest"/>
  <testcase name="sum" time="0.0" classname="TestNGPackage.InvocationCountTest"/>
  <testcase name="sum" time="0.0" classname="TestNGPackage.InvocationCountTest"/>
  <testcase name="sum" time="0.0" classname="TestNGPackage.InvocationCountTest"/>
  <testcase name="sum" time="0.001" classname="TestNGPackage.InvocationCountTest"/>
  <testcase name="sum" time="0.0" classname="TestNGPackage.InvocationCountTest"/>
  <testcase name="sum" time="0.0" classname="TestNGPackage.InvocationCountTest"/>
  <testcase name="sum" time="0.0" classname="TestNGPackage.InvocationCountTest"/>
  <testcase name="sum" time="0.0" classname="TestNGPackage.InvocationCountTest"/>
  <testcase name="sum" time="0.001" classname="TestNGPackage.InvocationCountTest"/>
  <testcase name="sum" time="0.0" classname="TestNGPackage.InvocationCountTest"/>
  <testcase name="sum" time="0.0" classname="TestNGPackage.InvocationCountTest"/>
  <testcase name="sum" time="0.001" classname="TestNGPackage.InvocationCountTest"/>
  <testcase name="sum" time="0.0" classname="TestNGPackage.InvocationCountTest"/>
  <testcase name="sum" time="0.0" classname="TestNGPackage.InvocationCountTest"/>
  <testcase name="sum" time="0.001" classname="TestNGPackage.InvocationCountTest"/>
  <testcase name="sum" time="0.001" classname="TestNGPackage.InvocationCountTest"/>
  <testcase name="sum" time="0.0" classname="TestNGPackage.InvocationCountTest"/>
  <testcase name="sum" time="0.0" classname="TestNGPackage.InvocationCountTest"/>
  <testcase name="sum" time="0.0" classname="TestNGPackage.InvocationCountTest"/>
  <testcase name="sum" time="0.0" classname="TestNGPackage.InvocationCountTest"/>
  <testcase name="sum" time="0.0" classname="TestNGPackage.InvocationCountTest"/>
  <testcase name="sum" time="0.001" classname="TestNGPackage.InvocationCountTest"/>
  <testcase name="sum" time="0.001" classname="TestNGPackage.InvocationCountTest"/>
  <testcase name="sum" time="0.0" classname="TestNGPackage.InvocationCountTest"/>
  <testcase name="sum" time="0.0" classname="TestNGPackage.InvocationCountTest"/>
  <testcase name="sum" time="0.0" classname="TestNGPackage.InvocationCountTest"/>
  <testcase name="sum" time="0.0" classname="TestNGPackage.InvocationCountTest"/>
  <testcase name="sum" time="0.0" classname="TestNGPackage.InvocationCountTest"/>
  <testcase name="sum" time="0.001" classname="TestNGPackage.InvocationCountTest"/>
  <testcase name="sum" time="0.0" classname="TestNGPackage.InvocationCountTest"/>
  <testcase name="sum" time="0.001" classname="TestNGPackage.InvocationCountTest"/>
  <testcase name="sum" time="0.0" classname="TestNGPackage.InvocationCountTest"/>
  <testcase name="sum" time="0.001" classname="TestNGPackage.InvocationCountTest"/>
  <testcase name="sum" time="0.0" classname="TestNGPackage.InvocationCountTest"/>
  <testcase name="sum" time="0.0" classname="TestNGPackage.InvocationCountTest"/>
  <testcase name="sum" time="0.0" classname="TestNGPackage.InvocationCountTest"/>
  <testcase name="sum" time="0.0" classname="TestNGPackage.InvocationCountTest"/>
  <testcase name="sum" time="0.0" classname="TestNGPackage.InvocationCountTest"/>
  <testcase name="sum" time="0.0" classname="TestNGPackage.InvocationCountTest"/>
  <testcase name="sum" time="0.001" classname="TestNGPackage.InvocationCountTest"/>
  <testcase name="sum" time="0.0" classname="TestNGPackage.InvocationCountTest"/>
  <testcase name="sum" time="0.001" classname="TestNGPackage.InvocationCountTest"/>
  <testcase name="sum" time="0.0" classname="TestNGPackage.InvocationCountTest"/>
  <testcase name="sum" time="0.0" classname="TestNGPackage.InvocationCountTest"/>
  <testcase name="sum" time="0.0" classname="TestNGPackage.InvocationCountTest"/>
  <testcase name="sum" time="0.0" classname="TestNGPackage.InvocationCountTest"/>
  <testcase name="sum" time="0.0" classname="TestNGPackage.InvocationCountTest"/>
  <testcase name="sum" time="0.0" classname="TestNGPackage.InvocationCountTest"/>
  <testcase name="sum" time="0.0" classname="TestNGPackage.InvocationCountTest"/>
  <testcase name="sum" time="0.0" classname="TestNGPackage.InvocationCountTest"/>
  <testcase name="sum" time="0.0" classname="TestNGPackage.InvocationCountTest"/>
  <testcase name="sum" time="0.0" classname="TestNGPackage.InvocationCountTest"/>
  <testcase name="sum" time="0.0" classname="TestNGPackage.InvocationCountTest"/>
  <testcase name="sum" time="0.0" classname="TestNGPackage.InvocationCountTest"/>
  <testcase name="sum" time="0.0" classname="TestNGPackage.InvocationCountTest"/>
  <testcase name="sum" time="0.0" classname="TestNGPackage.InvocationCountTest"/>
  <testcase name="sum" time="0.0" classname="TestNGPackage.InvocationCountTest"/>
  <testcase name="sum" time="0.001" classname="TestNGPackage.InvocationCountTest"/>
  <testcase name="sum" time="0.0" classname="TestNGPackage.InvocationCountTest"/>
  <testcase name="sum" time="0.001" classname="TestNGPackage.InvocationCountTest"/>
  <testcase name="sum" time="0.0" classname="TestNGPackage.InvocationCountTest"/>
  <testcase name="sum" time="0.001" classname="TestNGPackage.InvocationCountTest"/>
  <testcase name="sum" time="0.0" classname="TestNGPackage.InvocationCountTest"/>
  <testcase name="sum" time="0.0" classname="TestNGPackage.InvocationCountTest"/>
  <testcase name="sum" time="0.0" classname="TestNGPackage.InvocationCountTest"/>
  <testcase name="sum" time="0.0" classname="TestNGPackage.InvocationCountTest"/>
  <testcase name="sum" time="0.0" classname="TestNGPackage.InvocationCountTest"/>
  <testcase name="sum" time="0.001" classname="TestNGPackage.InvocationCountTest"/>
  <testcase name="sum" time="0.0" classname="TestNGPackage.InvocationCountTest"/>
  <testcase name="sum" time="0.001" classname="TestNGPackage.InvocationCountTest"/>
  <testcase name="sum" time="0.0" classname="TestNGPackage.InvocationCountTest"/>
  <testcase name="sum" time="0.0" classname="TestNGPackage.InvocationCountTest"/>
  <testcase name="sum" time="0.0" classname="TestNGPackage.InvocationCountTest"/>
  <testcase name="sum" time="0.001" classname="TestNGPackage.InvocationCountTest"/>
  <testcase name="sum" time="0.0" classname="TestNGPackage.InvocationCountTest"/>
  <testcase name="sum" time="0.0" classname="TestNGPackage.InvocationCountTest"/>
  <testcase name="sum" time="0.001" classname="TestNGPackage.InvocationCountTest"/>
  <testcase name="sum" time="0.0" classname="TestNGPackage.InvocationCountTest"/>
  <testcase name="sum" time="0.001" classname="TestNGPackage.InvocationCountTest"/>
  <testcase name="sum" time="0.001" classname="TestNGPackage.InvocationCountTest"/>
  <testcase name="sum" time="0.0" classname="TestNGPackage.InvocationCountTest"/>
  <testcase name="sum" time="0.0" classname="TestNGPackage.InvocationCountTest"/>
  <testcase name="sum" time="0.0" classname="TestNGPackage.InvocationCountTest"/>
  <testcase name="sum" time="0.0" classname="TestNGPackage.InvocationCountTest"/>
  <testcase name="sum" time="0.001" classname="TestNGPackage.InvocationCountTest"/>
  <testcase name="sum" time="0.0" classname="TestNGPackage.InvocationCountTest"/>
  <testcase name="sum" time="0.0" classname="TestNGPackage.InvocationCountTest"/>
  <testcase name="sum" time="0.0" classname="TestNGPackage.InvocationCountTest"/>
  <testcase name="sum" time="0.0" classname="TestNGPackage.InvocationCountTest"/>
  <testcase name="sum" time="0.0" classname="TestNGPackage.InvocationCountTest"/>
  <testcase name="sum" time="0.0" classname="TestNGPackage.InvocationCountTest"/>
  <testcase name="sum" time="0.001" classname="TestNGPackage.InvocationCountTest"/>
  <testcase name="sum" time="0.0" classname="TestNGPackage.InvocationCountTest"/>
  <testcase name="sum" time="0.001" classname="TestNGPackage.InvocationCountTest"/>
  <testcase name="sum" time="0.0" classname="TestNGPackage.InvocationCountTest"/>
  <testcase name="sum" time="0.0" classname="TestNGPackage.InvocationCountTest"/>
  <testcase name="sum" time="0.001" classname="TestNGPackage.InvocationCountTest"/>
  <testcase name="sum" time="0.001" classname="TestNGPackage.InvocationCountTest"/>
  <testcase name="sum" time="0.0" classname="TestNGPackage.InvocationCountTest"/>
  <testcase name="sum" time="0.001" classname="TestNGPackage.InvocationCountTest"/>
  <testcase name="sum" time="0.0" classname="TestNGPackage.InvocationCountTest"/>
  <testcase name="sum" time="0.001" classname="TestNGPackage.InvocationCountTest"/>
  <testcase name="sum" time="0.0" classname="TestNGPackage.InvocationCountTest"/>
  <testcase name="sum" time="0.001" classname="TestNGPackage.InvocationCountTest"/>
  <testcase name="sum" time="0.0" classname="TestNGPackage.InvocationCountTest"/>
  <testcase name="sum" time="0.001" classname="TestNGPackage.InvocationCountTest"/>
  <testcase name="sum" time="0.0" classname="TestNGPackage.InvocationCountTest"/>
  <testcase name="sum" time="0.0" classname="TestNGPackage.InvocationCountTest"/>
  <testcase name="sum" time="0.0" classname="TestNGPackage.InvocationCountTest"/>
  <testcase name="sum" time="0.0" classname="TestNGPackage.InvocationCountTest"/>
  <testcase name="sum" time="0.0" classname="TestNGPackage.InvocationCountTest"/>
  <testcase name="sum" time="0.001" classname="TestNGPackage.InvocationCountTest"/>
  <testcase name="sum" time="0.0" classname="TestNGPackage.InvocationCountTest"/>
  <testcase name="sum" time="0.0" classname="TestNGPackage.InvocationCountTest"/>
  <testcase name="sum" time="0.0" classname="TestNGPackage.InvocationCountTest"/>
  <testcase name="sum" time="0.001" classname="TestNGPackage.InvocationCountTest"/>
  <testcase name="sum" time="0.0" classname="TestNGPackage.InvocationCountTest"/>
  <testcase name="sum" time="0.001" classname="TestNGPackage.InvocationCountTest"/>
  <testcase name="sum" time="0.0" classname="TestNGPackage.InvocationCountTest"/>
  <testcase name="sum" time="0.0" classname="TestNGPackage.InvocationCountTest"/>
  <testcase name="sum" time="0.0" classname="TestNGPackage.InvocationCountTest"/>
  <testcase name="sum" time="0.0" classname="TestNGPackage.InvocationCountTest"/>
  <testcase name="sum" time="0.0" classname="TestNGPackage.InvocationCountTest"/>
  <testcase name="sum" time="0.0" classname="TestNGPackage.InvocationCountTest"/>
  <testcase name="sum" time="0.0" classname="TestNGPackage.InvocationCountTest"/>
  <testcase name="sum" time="0.0" classname="TestNGPackage.InvocationCountTest"/>
  <testcase name="sum" time="0.0" classname="TestNGPackage.InvocationCountTest"/>
  <testcase name="sum" time="0.0" classname="TestNGPackage.InvocationCountTest"/>
  <testcase name="sum" time="0.001" classname="TestNGPackage.InvocationCountTest"/>
  <testcase name="sum" time="0.0" classname="TestNGPackage.InvocationCountTest"/>
  <testcase name="sum" time="0.0" classname="TestNGPackage.InvocationCountTest"/>
  <testcase name="sum" time="0.0" classname="TestNGPackage.InvocationCountTest"/>
  <testcase name="sum" time="0.0" classname="TestNGPackage.InvocationCountTest"/>
  <testcase name="sum" time="0.0" classname="TestNGPackage.InvocationCountTest"/>
  <testcase name="sum" time="0.0" classname="TestNGPackage.InvocationCountTest"/>
  <testcase name="sum" time="0.0" classname="TestNGPackage.InvocationCountTest"/>
  <testcase name="sum" time="0.0" classname="TestNGPackage.InvocationCountTest"/>
  <testcase name="sum" time="0.0" classname="TestNGPackage.InvocationCountTest"/>
  <testcase name="sum" time="0.0" classname="TestNGPackage.InvocationCountTest"/>
  <testcase name="sum" time="0.0" classname="TestNGPackage.InvocationCountTest"/>
  <testcase name="sum" time="0.0" classname="TestNGPackage.InvocationCountTest"/>
  <testcase name="sum" time="0.0" classname="TestNGPackage.InvocationCountTest"/>
  <testcase name="sum" time="0.0" classname="TestNGPackage.InvocationCountTest"/>
  <testcase name="sum" time="0.0" classname="TestNGPackage.InvocationCountTest"/>
  <testcase name="sum" time="0.0" classname="TestNGPackage.InvocationCountTest"/>
  <testcase name="sum" time="0.001" classname="TestNGPackage.InvocationCountTest"/>
  <testcase name="sum" time="0.001" classname="TestNGPackage.InvocationCountTest"/>
  <testcase name="sum" time="0.0" classname="TestNGPackage.InvocationCountTest"/>
  <testcase name="sum" time="0.0" classname="TestNGPackage.InvocationCountTest"/>
  <testcase name="sum" time="0.0" classname="TestNGPackage.InvocationCountTest"/>
  <testcase name="sum" time="0.001" classname="TestNGPackage.InvocationCountTest"/>
  <testcase name="sum" time="0.001" classname="TestNGPackage.InvocationCountTest"/>
  <testcase name="sum" time="0.0" classname="TestNGPackage.InvocationCountTest"/>
  <testcase name="sum" time="0.0" classname="TestNGPackage.InvocationCountTest"/>
  <testcase name="sum" time="0.001" classname="TestNGPackage.InvocationCountTest"/>
  <testcase name="sum" time="0.001" classname="TestNGPackage.InvocationCountTest"/>
  <testcase name="sum" time="0.0" classname="TestNGPackage.InvocationCountTest"/>
  <testcase name="sum" time="0.0" classname="TestNGPackage.InvocationCountTest"/>
  <testcase name="sum" time="0.001" classname="TestNGPackage.InvocationCountTest"/>
  <testcase name="sum" time="0.0" classname="TestNGPackage.InvocationCountTest"/>
  <testcase name="sum" time="0.0" classname="TestNGPackage.InvocationCountTest"/>
  <testcase name="sum" time="0.0" classname="TestNGPackage.InvocationCountTest"/>
  <testcase name="sum" time="0.0" classname="TestNGPackage.InvocationCountTest"/>
  <testcase name="sum" time="0.0" classname="TestNGPackage.InvocationCountTest"/>
  <testcase name="sum" time="0.0" classname="TestNGPackage.InvocationCountTest"/>
  <testcase name="sum" time="0.0" classname="TestNGPackage.InvocationCountTest"/>
  <testcase name="sum" time="0.0" classname="TestNGPackage.InvocationCountTest"/>
  <testcase name="sum" time="0.001" classname="TestNGPackage.InvocationCountTest"/>
  <testcase name="sum" time="0.0" classname="TestNGPackage.InvocationCountTest"/>
  <testcase name="sum" time="0.0" classname="TestNGPackage.InvocationCountTest"/>
  <testcase name="sum" time="0.001" classname="TestNGPackage.InvocationCountTest"/>
  <testcase name="sum" time="0.0" classname="TestNGPackage.InvocationCountTest"/>
  <testcase name="sum" time="0.001" classname="TestNGPackage.InvocationCountTest"/>
  <testcase name="sum" time="0.0" classname="TestNGPackage.InvocationCountTest"/>
  <testcase name="sum" time="0.001" classname="TestNGPackage.InvocationCountTest"/>
  <testcase name="sum" time="0.001" classname="TestNGPackage.InvocationCountTest"/>
  <testcase name="sum" time="0.0" classname="TestNGPackage.InvocationCountTest"/>
  <testcase name="sum" time="0.0" classname="TestNGPackage.InvocationCountTest"/>
  <testcase name="sum" time="0.001" classname="TestNGPackage.InvocationCountTest"/>
  <testcase name="sum" time="0.001" classname="TestNGPackage.InvocationCountTest"/>
  <testcase name="sum" time="0.001" classname="TestNGPackage.InvocationCountTest"/>
  <testcase name="sum" time="0.001" classname="TestNGPackage.InvocationCountTest"/>
  <testcase name="sum" time="0.0" classname="TestNGPackage.InvocationCountTest"/>
  <testcase name="sum" time="0.0" classname="TestNGPackage.InvocationCountTest"/>
  <testcase name="sum" time="0.0" classname="TestNGPackage.InvocationCountTest"/>
  <testcase name="sum" time="0.0" classname="TestNGPackage.InvocationCountTest"/>
  <testcase name="sum" time="0.0" classname="TestNGPackage.InvocationCountTest"/>
  <testcase name="sum" time="0.001" classname="TestNGPackage.InvocationCountTest"/>
  <testcase name="sum" time="0.0" classname="TestNGPackage.InvocationCountTest"/>
  <testcase name="sum" time="0.0" classname="TestNGPackage.InvocationCountTest"/>
  <testcase name="sum" time="0.001" classname="TestNGPackage.InvocationCountTest"/>
  <testcase name="sum" time="0.0" classname="TestNGPackage.InvocationCountTest"/>
  <testcase name="sum" time="0.0" classname="TestNGPackage.InvocationCountTest"/>
  <testcase name="sum" time="0.0" classname="TestNGPackage.InvocationCountTest"/>
  <testcase name="sum" time="0.001" classname="TestNGPackage.InvocationCountTest"/>
  <testcase name="sum" time="0.0" classname="TestNGPackage.InvocationCountTest"/>
  <testcase name="sum" time="0.001" classname="TestNGPackage.InvocationCountTest"/>
  <testcase name="sum" time="0.001" classname="TestNGPackage.InvocationCountTest"/>
  <testcase name="sum" time="0.0" classname="TestNGPackage.InvocationCountTest"/>
  <testcase name="sum" time="0.0" classname="TestNGPackage.InvocationCountTest"/>
  <testcase name="sum" time="0.001" classname="TestNGPackage.InvocationCountTest"/>
  <testcase name="sum" time="0.001" classname="TestNGPackage.InvocationCountTest"/>
  <testcase name="sum" time="0.0" classname="TestNGPackage.InvocationCountTest"/>
  <testcase name="sum" time="0.001" classname="TestNGPackage.InvocationCountTest"/>
  <testcase name="sum" time="0.0" classname="TestNGPackage.InvocationCountTest"/>
  <testcase name="sum" time="0.0" classname="TestNGPackage.InvocationCountTest"/>
  <testcase name="sum" time="0.001" classname="TestNGPackage.InvocationCountTest"/>
  <testcase name="sum" time="0.001" classname="TestNGPackage.InvocationCountTest"/>
  <testcase name="sum" time="0.001" classname="TestNGPackage.InvocationCountTest"/>
  <testcase name="sum" time="0.0" classname="TestNGPackage.InvocationCountTest"/>
  <testcase name="sum" time="0.001" classname="TestNGPackage.InvocationCountTest"/>
  <testcase name="sum" time="0.001" classname="TestNGPackage.InvocationCountTest"/>
  <testcase name="sum" time="0.001" classname="TestNGPackage.InvocationCountTest"/>
  <testcase name="sum" time="0.001" classname="TestNGPackage.InvocationCountTest"/>
  <testcase name="sum" time="0.001" classname="TestNGPackage.InvocationCountTest"/>
  <testcase name="sum" time="0.0" classname="TestNGPackage.InvocationCountTest"/>
  <testcase name="sum" time="0.001" classname="TestNGPackage.InvocationCountTest"/>
  <testcase name="sum" time="0.001" classname="TestNGPackage.InvocationCountTest"/>
  <testcase name="sum" time="0.002" classname="TestNGPackage.InvocationCountTest"/>
  <testcase name="sum" time="0.001" classname="TestNGPackage.InvocationCountTest"/>
  <testcase name="sum" time="0.001" classname="TestNGPackage.InvocationCountTest"/>
  <testcase name="sum" time="0.001" classname="TestNGPackage.InvocationCountTest"/>
  <testcase name="sum" time="0.0" classname="TestNGPackage.InvocationCountTest"/>
  <testcase name="sum" time="0.0" classname="TestNGPackage.InvocationCountTest"/>
  <testcase name="sum" time="0.0" classname="TestNGPackage.InvocationCountTest"/>
  <testcase name="sum" time="0.0" classname="TestNGPackage.InvocationCountTest"/>
  <testcase name="sum" time="0.0" classname="TestNGPackage.InvocationCountTest"/>
  <testcase name="sum" time="0.001" classname="TestNGPackage.InvocationCountTest"/>
  <testcase name="sum" time="0.001" classname="TestNGPackage.InvocationCountTest"/>
  <testcase name="sum" time="0.001" classname="TestNGPackage.InvocationCountTest"/>
  <testcase name="sum" time="0.0" classname="TestNGPackage.InvocationCountTest"/>
  <testcase name="sum" time="0.001" classname="TestNGPackage.InvocationCountTest"/>
  <testcase name="sum" time="0.0" classname="TestNGPackage.InvocationCountTest"/>
  <testcase name="sum" time="0.001" classname="TestNGPackage.InvocationCountTest"/>
  <testcase name="sum" time="0.0" classname="TestNGPackage.InvocationCountTest"/>
  <testcase name="sum" time="0.0" classname="TestNGPackage.InvocationCountTest"/>
  <testcase name="sum" time="0.0" classname="TestNGPackage.InvocationCountTest"/>
  <testcase name="sum" time="0.0" classname="TestNGPackage.InvocationCountTest"/>
  <testcase name="sum" time="0.0" classname="TestNGPackage.InvocationCountTest"/>
  <testcase name="sum" time="0.0" classname="TestNGPackage.InvocationCountTest"/>
  <testcase name="sum" time="0.0" classname="TestNGPackage.InvocationCountTest"/>
  <testcase name="sum" time="0.0" classname="TestNGPackage.InvocationCountTest"/>
  <testcase name="sum" time="0.001" classname="TestNGPackage.InvocationCountTest"/>
  <testcase name="sum" time="0.001" classname="TestNGPackage.InvocationCountTest"/>
  <testcase name="sum" time="0.001" classname="TestNGPackage.InvocationCountTest"/>
  <testcase name="sum" time="0.001" classname="TestNGPackage.InvocationCountTest"/>
  <testcase name="sum" time="0.0" classname="TestNGPackage.InvocationCountTest"/>
  <testcase name="sum" time="0.0" classname="TestNGPackage.InvocationCountTest"/>
  <testcase name="sum" time="0.001" classname="TestNGPackage.InvocationCountTest"/>
  <testcase name="sum" time="0.001" classname="TestNGPackage.InvocationCountTest"/>
  <testcase name="sum" time="0.001" classname="TestNGPackage.InvocationCountTest"/>
  <testcase name="sum" time="0.001" classname="TestNGPackage.InvocationCountTest"/>
  <testcase name="sum" time="0.0" classname="TestNGPackage.InvocationCountTest"/>
  <testcase name="sum" time="0.0" classname="TestNGPackage.InvocationCountTest"/>
  <testcase name="sum" time="0.0" classname="TestNGPackage.InvocationCountTest"/>
  <testcase name="sum" time="0.001" classname="TestNGPackage.InvocationCountTest"/>
  <testcase name="sum" time="0.001" classname="TestNGPackage.InvocationCountTest"/>
  <testcase name="sum" time="0.0" classname="TestNGPackage.InvocationCountTest"/>
  <testcase name="sum" time="0.0" classname="TestNGPackage.InvocationCountTest"/>
  <testcase name="sum" time="0.001" classname="TestNGPackage.InvocationCountTest"/>
  <testcase name="sum" time="0.0" classname="TestNGPackage.InvocationCountTest"/>
  <testcase name="sum" time="0.003" classname="TestNGPackage.InvocationCountTest"/>
  <testcase name="sum" time="0.0" classname="TestNGPackage.InvocationCountTest"/>
  <testcase name="sum" time="0.0" classname="TestNGPackage.InvocationCountTest"/>
  <testcase name="sum" time="0.001" classname="TestNGPackage.InvocationCountTest"/>
  <testcase name="sum" time="0.0" classname="TestNGPackage.InvocationCountTest"/>
  <testcase name="sum" time="0.001" classname="TestNGPackage.InvocationCountTest"/>
  <testcase name="sum" time="0.001" classname="TestNGPackage.InvocationCountTest"/>
  <testcase name="sum" time="0.0" classname="TestNGPackage.InvocationCountTest"/>
  <testcase name="sum" time="0.001" classname="TestNGPackage.InvocationCountTest"/>
  <testcase name="sum" time="0.001" classname="TestNGPackage.InvocationCountTest"/>
  <testcase name="sum" time="0.0" classname="TestNGPackage.InvocationCountTest"/>
  <testcase name="sum" time="0.0" classname="TestNGPackage.InvocationCountTest"/>
  <testcase name="sum" time="0.0" classname="TestNGPackage.InvocationCountTest"/>
  <testcase name="sum" time="0.0" classname="TestNGPackage.InvocationCountTest"/>
  <testcase name="sum" time="0.0" classname="TestNGPackage.InvocationCountTest"/>
  <testcase name="sum" time="0.002" classname="TestNGPackage.InvocationCountTest"/>
  <testcase name="sum" time="0.0" classname="TestNGPackage.InvocationCountTest"/>
  <testcase name="sum" time="0.0" classname="TestNGPackage.InvocationCountTest"/>
  <testcase name="sum" time="0.001" classname="TestNGPackage.InvocationCountTest"/>
  <testcase name="sum" time="0.0" classname="TestNGPackage.InvocationCountTest"/>
  <testcase name="sum" time="0.0" classname="TestNGPackage.InvocationCountTest"/>
  <testcase name="sum" time="0.0" classname="TestNGPackage.InvocationCountTest"/>
  <testcase name="sum" time="0.001" classname="TestNGPackage.InvocationCountTest"/>
  <testcase name="sum" time="0.0" classname="TestNGPackage.InvocationCountTest"/>
  <testcase name="sum" time="0.001" classname="TestNGPackage.InvocationCountTest"/>
  <testcase name="sum" time="0.001" classname="TestNGPackage.InvocationCountTest"/>
  <testcase name="sum" time="0.0" classname="TestNGPackage.InvocationCountTest"/>
  <testcase name="sum" time="0.0" classname="TestNGPackage.InvocationCountTest"/>
  <testcase name="sum" time="0.0" classname="TestNGPackage.InvocationCountTest"/>
  <testcase name="sum" time="0.0" classname="TestNGPackage.InvocationCountTest"/>
  <testcase name="sum" time="0.001" classname="TestNGPackage.InvocationCountTest"/>
  <testcase name="sum" time="0.0" classname="TestNGPackage.InvocationCountTest"/>
  <testcase name="sum" time="0.0" classname="TestNGPackage.InvocationCountTest"/>
  <testcase name="sum" time="0.001" classname="TestNGPackage.InvocationCountTest"/>
  <testcase name="sum" time="0.0" classname="TestNGPackage.InvocationCountTest"/>
  <testcase name="sum" time="0.001" classname="TestNGPackage.InvocationCountTest"/>
  <testcase name="sum" time="0.0" classname="TestNGPackage.InvocationCountTest"/>
  <testcase name="sum" time="0.0" classname="TestNGPackage.InvocationCountTest"/>
  <testcase name="sum" time="0.001" classname="TestNGPackage.InvocationCountTest"/>
  <testcase name="sum" time="0.0" classname="TestNGPackage.InvocationCountTest"/>
  <testcase name="sum" time="0.0" classname="TestNGPackage.InvocationCountTest"/>
  <testcase name="sum" time="0.001" classname="TestNGPackage.InvocationCountTest"/>
  <testcase name="sum" time="0.0" classname="TestNGPackage.InvocationCountTest"/>
  <testcase name="sum" time="0.0" classname="TestNGPackage.InvocationCountTest"/>
  <testcase name="sum" time="0.0" classname="TestNGPackage.InvocationCountTest"/>
  <testcase name="sum" time="0.0" classname="TestNGPackage.InvocationCountTest"/>
  <testcase name="sum" time="0.0" classname="TestNGPackage.InvocationCountTest"/>
  <testcase name="sum" time="0.001" classname="TestNGPackage.InvocationCountTest"/>
  <testcase name="sum" time="0.0" classname="TestNGPackage.InvocationCountTest"/>
  <testcase name="sum" time="0.0" classname="TestNGPackage.InvocationCountTest"/>
  <testcase name="sum" time="0.0" classname="TestNGPackage.InvocationCountTest"/>
  <testcase name="googletiletest" time="0.001" classname="TestNGPackage.TestNGBasics"/>
  <testcase name="googletiletest1" time="0.001" classname="TestNGPackage.TestNGBasics"/>
  <testcase name="loginTest" time="0.047" classname="TestNGPackage.TestNGFeatures"/>
  <testcase name="homepageTest" time="0.001" classname="TestNGPackage.TestNGFeatures"/>
  <testcase name="searchPage" time="0.001" classname="TestNGPackage.TestNGFeatures"/>
  <testcase name="logoTest" time="0.194" classname="TestNGPackage.GoogleTest"/>
  <testcase name="googleTitleTest" time="0.029" classname="TestNGPackage.GoogleTest"/>
  <testcase name="gmailtextvalidation" time="0.104" classname="TestNGPackage.GoogleTest">
    <failure type="java.lang.AssertionError" message="expected [mail] but found [Gmail]">
      <![CDATA[java.lang.AssertionError: expected [mail] but found [Gmail]
	at TestNGPackage.GoogleTest.gmailtextvalidation(GoogleTest.java:42)
... Removed 31 stack frames]]>
    </failure>
  </testcase> <!-- gmailtextvalidation -->
  <testcase name="test1" time="0.001" classname="TestNGPackage.GoogleTest"/>
  <testcase name="test2" time="0.0" classname="TestNGPackage.GoogleTest"/>
  <testcase name="test3" time="0.001" classname="TestNGPackage.GoogleTest"/>
</testsuite> <!-- Different TestNG  Features -->
