<?xml version="1.0" encoding="UTF-8"?>
<!-- Generated by org.testng.reporters.JUnitXMLReporter -->
<testsuite hostname="PAKU-BLR-01" ignored="0" name="Retrying Multiple failed Testcases" tests="8" failures="2" timestamp="18 Oct 2021 16:53:42 GMT" time="0.089" errors="0">
  <testcase name="test1" time="0.023" classname="IRetryAnalyzerDemoPackage.MyTestcase2">
    <skipped/>
  </testcase> <!-- test1 -->
  <testcase name="test1" time="0.002" classname="IRetryAnalyzerDemoPackage.MyTestcase2">
    <skipped/>
  </testcase> <!-- test1 -->
  <testcase name="test1" time="0.002" classname="IRetryAnalyzerDemoPackage.MyTestcase2">
    <skipped/>
  </testcase> <!-- test1 -->
  <testcase name="test1" time="0.001" classname="IRetryAnalyzerDemoPackage.MyTestcase2">
    <failure type="java.lang.AssertionError" message="expected [false] but found [true]">
      <![CDATA[java.lang.AssertionError: expected [false] but found [true]
	at IRetryAnalyzerDemoPackage.MyTestcase2.test1(MyTestcase2.java:9)
... Removed 31 stack frames]]>
    </failure>
  </testcase> <!-- test1 -->
  <testcase name="test2" time="0.002" classname="IRetryAnalyzerDemoPackage.MyTestcase2">
    <skipped/>
  </testcase> <!-- test2 -->
  <testcase name="test2" time="0.001" classname="IRetryAnalyzerDemoPackage.MyTestcase2">
    <skipped/>
  </testcase> <!-- test2 -->
  <testcase name="test2" time="0.001" classname="IRetryAnalyzerDemoPackage.MyTestcase2">
    <skipped/>
  </testcase> <!-- test2 -->
  <testcase name="test2" time="0.001" classname="IRetryAnalyzerDemoPackage.MyTestcase2">
    <failure type="java.lang.AssertionError" message="expected [false] but found [true]">
      <![CDATA[java.lang.AssertionError: expected [false] but found [true]
	at IRetryAnalyzerDemoPackage.MyTestcase2.test2(MyTestcase2.java:14)
... Removed 31 stack frames]]>
    </failure>
  </testcase> <!-- test2 -->
</testsuite> <!-- Retrying Multiple failed Testcases -->
